============================= test session starts ==============================
platform linux -- Python 3.12.14, pytest-9.1.1, pluggy-1.6.0
rootdir: /home/singlerr/ref_studio
collected 34 items

compiler/tests/test_evidence_contract.py ..............                  [ 41%]
compiler/tests/test_matting_tracking.py .....                            [ 55%]
compiler/tests/test_motion_effects_audio.py ....                         [ 67%]
compiler/tests/test_ocr_bounds.py ...                                    [ 76%]
compiler/tests/test_temporal_volume.py ........                          [100%]

============================== 34 passed in 1.55s ==============================
